I/O warning : failed to load external entity "./Materials.xml"
I/O warning : failed to load external entity "./Materials.xml"
I/O warning : failed to load external entity "./Materials.xml"
SysError in <TFile::WriteBuffer>: error writing to file ./SPEBT_6.hits_xlayer2.root (-1) Stale file handle
SysError in <TFile::WriteBuffer>: error writing to file ./SPEBT_6.hits_xlayer3.root (-1) Stale file handle
Error in <TBranch::WriteBasketImpl>: basket's WriteBuffer failed.
Error in <TBranch::WriteBasketImpl>: basket's WriteBuffer failed.
Error in <TBranch::WriteBasketImpl>: basket's WriteBuffer failed.
Error in <TBranch::WriteBasketImpl>: basket's WriteBuffer failed.
Error in <TBranch::WriteBasketImpl>: basket's WriteBuffer failed.
Error in <TBranch::WriteBasketImpl>: basket's WriteBuffer failed.
Error in <TBranch::WriteBasketImpl>: basket's WriteBuffer failed.
Error in <TBranch::WriteBasketImpl>: basket's WriteBuffer failed.
Error in <TBranch::WriteBasketImpl>: basket's WriteBuffer failed.
Error in <TBranch::WriteBasketImpl>: basket's WriteBuffer failed.
Error in <TBranch::WriteBasketImpl>: basket's WriteBuffer failed.
Error in <TBranch::WriteBasketImpl>: basket's WriteBuffer failed.
Error in <TBranch::WriteBasketImpl>: basket's WriteBuffer failed.
Error in <TBranch::WriteBasketImpl>: basket's WriteBuffer failed.
Error in <TBranch::WriteBasketImpl>: basket's WriteBuffer failed.
Error in <TBranch::WriteBasketImpl>: basket's WriteBuffer failed.
Error in <TBranch::WriteBasketImpl>: basket's WriteBuffer failed.
Error in <TBranch::WriteBasketImpl>: basket's WriteBuffer failed.
Error in <TBranch::WriteBasketImpl>: basket's WriteBuffer failed.
Error in <TBranch::WriteBasketImpl>: basket's WriteBuffer failed.
Error in <TBranch::WriteBasketImpl>: basket's WriteBuffer failed.
Error in <TBranch::WriteBasketImpl>: basket's WriteBuffer failed.
Error in <TBranch::WriteBasketImpl>: basket's WriteBuffer failed.
Error in <TBranch::WriteBasketImpl>: basket's WriteBuffer failed.
Error in <TBranch::WriteBasketImpl>: basket's WriteBuffer failed.
Error in <TBranch::WriteBasketImpl>: basket's WriteBuffer failed.
Error in <TBranch::WriteBasketImpl>: basket's WriteBuffer failed.
Error in <TBranch::WriteBasketImpl>: basket's WriteBuffer failed.
Error in <TBranch::WriteBasketImpl>: basket's WriteBuffer failed.
Error in <TBranch::WriteBasketImpl>: basket's WriteBuffer failed.
Error in <TBranch::WriteBasketImpl>: basket's WriteBuffer failed.
Error in <TBranch::WriteBasketImpl>: basket's WriteBuffer failed.
Error in <TBranch::WriteBasketImpl>: basket's WriteBuffer failed.
Error in <TBranch::WriteBasketImpl>: basket's WriteBuffer failed.
Error in <TBranch::WriteBasketImpl>: basket's WriteBuffer failed.
Error in <TBranch::WriteBasketImpl>: basket's WriteBuffer failed.
Error in <TBranch::WriteBasketImpl>: basket's WriteBuffer failed.
Error in <TBranch::WriteBasketImpl>: basket's WriteBuffer failed.
Error in <TBranch::WriteBasketImpl>: basket's WriteBuffer failed.
Error in <TBranch::WriteBasketImpl>: basket's WriteBuffer failed.
Error in <TBranch::WriteBasketImpl>: basket's WriteBuffer failed.
Error in <TBranch::WriteBasketImpl>: basket's WriteBuffer failed.
Error in <TBranch::WriteBasketImpl>: basket's WriteBuffer failed.
Error in <TBranch::WriteBasketImpl>: basket's WriteBuffer failed.
Error in <TBranch::WriteBasketImpl>: basket's WriteBuffer failed.
Error in <TBranch::WriteBasketImpl>: basket's WriteBuffer failed.
Error in <TBranch::WriteBasketImpl>: basket's WriteBuffer failed.
Error in <TBranch::WriteBasketImpl>: basket's WriteBuffer failed.
Error in <TBranch::WriteBasketImpl>: basket's WriteBuffer failed.
Error in <TBranch::WriteBasketImpl>: basket's WriteBuffer failed.
Error in <TBranch::WriteBasketImpl>: basket's WriteBuffer failed.
Error in <TBranch::WriteBasketImpl>: basket's WriteBuffer failed.
Error in <TBranch::WriteBasketImpl>: basket's WriteBuffer failed.
SysError in <TFile::WriteBuffer>: error writing to file ./SPEBT_6.hits_xlayer1.root (-1) Stale file handle
Error in <TBranch::WriteBasketImpl>: basket's WriteBuffer failed.
Error in <TBranch::WriteBasketImpl>: basket's WriteBuffer failed.
Error in <TBranch::WriteBasketImpl>: basket's WriteBuffer failed.
Error in <TBranch::WriteBasketImpl>: basket's WriteBuffer failed.
Error in <TBranch::WriteBasketImpl>: basket's WriteBuffer failed.
Error in <TBranch::WriteBasketImpl>: basket's WriteBuffer failed.
Error in <TBranch::WriteBasketImpl>: basket's WriteBuffer failed.
Error in <TBranch::WriteBasketImpl>: basket's WriteBuffer failed.
Error in <TBranch::WriteBasketImpl>: basket's WriteBuffer failed.
Error in <TBranch::WriteBasketImpl>: basket's WriteBuffer failed.
Error in <TBranch::WriteBasketImpl>: basket's WriteBuffer failed.
Error in <TBranch::WriteBasketImpl>: basket's WriteBuffer failed.
Error in <TBranch::WriteBasketImpl>: basket's WriteBuffer failed.
Error in <TBranch::WriteBasketImpl>: basket's WriteBuffer failed.
Error in <TBranch::WriteBasketImpl>: basket's WriteBuffer failed.
Error in <TBranch::WriteBasketImpl>: basket's WriteBuffer failed.
Error in <TBranch::WriteBasketImpl>: basket's WriteBuffer failed.
Error in <TBranch::WriteBasketImpl>: basket's WriteBuffer failed.
Error in <TBranch::WriteBasketImpl>: basket's WriteBuffer failed.
Error in <TBranch::WriteBasketImpl>: basket's WriteBuffer failed.
Error in <TBranch::WriteBasketImpl>: basket's WriteBuffer failed.
Error in <TBranch::WriteBasketImpl>: basket's WriteBuffer failed.
Error in <TBranch::WriteBasketImpl>: basket's WriteBuffer failed.
Error in <TBranch::WriteBasketImpl>: basket's WriteBuffer failed.
Error in <TBranch::WriteBasketImpl>: basket's WriteBuffer failed.
Error in <TBranch::WriteBasketImpl>: basket's WriteBuffer failed.
Error in <TBranch::WriteBasketImpl>: basket's WriteBuffer failed.
Error in <TBranch::WriteBasketImpl>: basket's WriteBuffer failed.
Error in <TBranch::WriteBasketImpl>: basket's WriteBuffer failed.
Error in <TBranch::WriteBasketImpl>: basket's WriteBuffer failed.
Error in <TBranch::WriteBasketImpl>: basket's WriteBuffer failed.
Error in <TBranch::WriteBasketImpl>: basket's WriteBuffer failed.
Error in <TBranch::WriteBasketImpl>: basket's WriteBuffer failed.
Error in <TBranch::WriteBasketImpl>: basket's WriteBuffer failed.
Error in <TBranch::WriteBasketImpl>: basket's WriteBuffer failed.
Error in <TBranch::WriteBasketImpl>: basket's WriteBuffer failed.
Error in <TBranch::WriteBasketImpl>: basket's WriteBuffer failed.
Error in <TBranch::WriteBasketImpl>: basket's WriteBuffer failed.
Error in <TBranch::WriteBasketImpl>: basket's WriteBuffer failed.
Error in <TBranch::WriteBasketImpl>: basket's WriteBuffer failed.
Error in <TBranch::WriteBasketImpl>: basket's WriteBuffer failed.
Error in <TBranch::WriteBasketImpl>: basket's WriteBuffer failed.
Error in <TBranch::WriteBasketImpl>: basket's WriteBuffer failed.
Error in <TBranch::WriteBasketImpl>: basket's WriteBuffer failed.
Error in <TBranch::WriteBasketImpl>: basket's WriteBuffer failed.
Error in <TBranch::WriteBasketImpl>: basket's WriteBuffer failed.
Error in <TBranch::WriteBasketImpl>: basket's WriteBuffer failed.
Error in <TBranch::WriteBasketImpl>: basket's WriteBuffer failed.
Error in <TBranch::WriteBasketImpl>: basket's WriteBuffer failed.
Error in <TBranch::WriteBasketImpl>: basket's WriteBuffer failed.
Error in <TBranch::WriteBasketImpl>: basket's WriteBuffer failed.
Error in <TBranch::WriteBasketImpl>: basket's WriteBuffer failed.
Error in <TBranch::WriteBasketImpl>: basket's WriteBuffer failed.
SysError in <TFile::WriteBuffer>: error writing to file ./SPEBT_6.hits_xlayer0.root (-1) Stale file handle
Error in <TBranch::WriteBasketImpl>: basket's WriteBuffer failed.
Error in <TBranch::WriteBasketImpl>: basket's WriteBuffer failed.
Error in <TBranch::WriteBasketImpl>: basket's WriteBuffer failed.
Error in <TBranch::WriteBasketImpl>: basket's WriteBuffer failed.
Error in <TBranch::WriteBasketImpl>: basket's WriteBuffer failed.
Error in <TBranch::WriteBasketImpl>: basket's WriteBuffer failed.
Error in <TBranch::WriteBasketImpl>: basket's WriteBuffer failed.
Error in <TBranch::WriteBasketImpl>: basket's WriteBuffer failed.
Error in <TBranch::WriteBasketImpl>: basket's WriteBuffer failed.
Error in <TBranch::WriteBasketImpl>: basket's WriteBuffer failed.
Error in <TBranch::WriteBasketImpl>: basket's WriteBuffer failed.
Error in <TBranch::WriteBasketImpl>: basket's WriteBuffer failed.
Error in <TBranch::WriteBasketImpl>: basket's WriteBuffer failed.
Error in <TBranch::WriteBasketImpl>: basket's WriteBuffer failed.
Error in <TBranch::WriteBasketImpl>: basket's WriteBuffer failed.
Error in <TBranch::WriteBasketImpl>: basket's WriteBuffer failed.
Error in <TBranch::WriteBasketImpl>: basket's WriteBuffer failed.
Error in <TBranch::WriteBasketImpl>: basket's WriteBuffer failed.
Error in <TBranch::WriteBasketImpl>: basket's WriteBuffer failed.
Error in <TBranch::WriteBasketImpl>: basket's WriteBuffer failed.
Error in <TBranch::WriteBasketImpl>: basket's WriteBuffer failed.
Error in <TBranch::WriteBasketImpl>: basket's WriteBuffer failed.
Error in <TBranch::WriteBasketImpl>: basket's WriteBuffer failed.
Error in <TBranch::WriteBasketImpl>: basket's WriteBuffer failed.
Error in <TBranch::WriteBasketImpl>: basket's WriteBuffer failed.
Error in <TBranch::WriteBasketImpl>: basket's WriteBuffer failed.
Error in <TBranch::WriteBasketImpl>: basket's WriteBuffer failed.
Error in <TBranch::WriteBasketImpl>: basket's WriteBuffer failed.
Error in <TBranch::WriteBasketImpl>: basket's WriteBuffer failed.
Error in <TBranch::WriteBasketImpl>: basket's WriteBuffer failed.
Error in <TBranch::WriteBasketImpl>: basket's WriteBuffer failed.
Error in <TBranch::WriteBasketImpl>: basket's WriteBuffer failed.
Error in <TBranch::WriteBasketImpl>: basket's WriteBuffer failed.
Error in <TBranch::WriteBasketImpl>: basket's WriteBuffer failed.
Error in <TBranch::WriteBasketImpl>: basket's WriteBuffer failed.
Error in <TBranch::WriteBasketImpl>: basket's WriteBuffer failed.
Error in <TBranch::WriteBasketImpl>: basket's WriteBuffer failed.
Error in <TBranch::WriteBasketImpl>: basket's WriteBuffer failed.
Error in <TBranch::WriteBasketImpl>: basket's WriteBuffer failed.
Error in <TBranch::WriteBasketImpl>: basket's WriteBuffer failed.
Error in <TBranch::WriteBasketImpl>: basket's WriteBuffer failed.
Error in <TBranch::WriteBasketImpl>: basket's WriteBuffer failed.
Error in <TBranch::WriteBasketImpl>: basket's WriteBuffer failed.
Error in <TBranch::WriteBasketImpl>: basket's WriteBuffer failed.
Error in <TBranch::WriteBasketImpl>: basket's WriteBuffer failed.
Error in <TBranch::WriteBasketImpl>: basket's WriteBuffer failed.
Error in <TBranch::WriteBasketImpl>: basket's WriteBuffer failed.
Error in <TBranch::WriteBasketImpl>: basket's WriteBuffer failed.
Error in <TBranch::WriteBasketImpl>: basket's WriteBuffer failed.
Error in <TBranch::WriteBasketImpl>: basket's WriteBuffer failed.
Error in <TBranch::WriteBasketImpl>: basket's WriteBuffer failed.
Error in <TBranch::WriteBasketImpl>: basket's WriteBuffer failed.
Error in <TBranch::WriteBasketImpl>: basket's WriteBuffer failed.
SysError in <TFile::WriteBuffer>: error writing to file ./SPEBT_6.Singles_xlayer3.root (-1) Stale file handle
Error in <TBranch::WriteBasketImpl>: basket's WriteBuffer failed.
Error in <TBranch::WriteBasketImpl>: basket's WriteBuffer failed.
Error in <TBranch::WriteBasketImpl>: basket's WriteBuffer failed.
Error in <TBranch::WriteBasketImpl>: basket's WriteBuffer failed.
Error in <TBranch::WriteBasketImpl>: basket's WriteBuffer failed.
Error in <TBranch::WriteBasketImpl>: basket's WriteBuffer failed.
Error in <TBranch::WriteBasketImpl>: basket's WriteBuffer failed.
Error in <TBranch::WriteBasketImpl>: basket's WriteBuffer failed.
Error in <TBranch::WriteBasketImpl>: basket's WriteBuffer failed.
Error in <TBranch::WriteBasketImpl>: basket's WriteBuffer failed.
Error in <TBranch::WriteBasketImpl>: basket's WriteBuffer failed.
Error in <TBranch::WriteBasketImpl>: basket's WriteBuffer failed.
Error in <TBranch::WriteBasketImpl>: basket's WriteBuffer failed.
Error in <TBranch::WriteBasketImpl>: basket's WriteBuffer failed.
Error in <TBranch::WriteBasketImpl>: basket's WriteBuffer failed.
Error in <TBranch::WriteBasketImpl>: basket's WriteBuffer failed.
Error in <TBranch::WriteBasketImpl>: basket's WriteBuffer failed.
Error in <TBranch::WriteBasketImpl>: basket's WriteBuffer failed.
Error in <TBranch::WriteBasketImpl>: basket's WriteBuffer failed.
Error in <TBranch::WriteBasketImpl>: basket's WriteBuffer failed.
Error in <TBranch::WriteBasketImpl>: basket's WriteBuffer failed.
Error in <TBranch::WriteBasketImpl>: basket's WriteBuffer failed.
Error in <TBranch::WriteBasketImpl>: basket's WriteBuffer failed.
Error in <TBranch::WriteBasketImpl>: basket's WriteBuffer failed.
Error in <TBranch::WriteBasketImpl>: basket's WriteBuffer failed.
SysError in <TFile::WriteBuffer>: error writing to file ./SPEBT_6.Singles_xlayer2.root (-1) Stale file handle
Error in <TBranch::WriteBasketImpl>: basket's WriteBuffer failed.
Error in <TBranch::WriteBasketImpl>: basket's WriteBuffer failed.
Error in <TBranch::WriteBasketImpl>: basket's WriteBuffer failed.
Error in <TBranch::WriteBasketImpl>: basket's WriteBuffer failed.
Error in <TBranch::WriteBasketImpl>: basket's WriteBuffer failed.
Error in <TBranch::WriteBasketImpl>: basket's WriteBuffer failed.
Error in <TBranch::WriteBasketImpl>: basket's WriteBuffer failed.
Error in <TBranch::WriteBasketImpl>: basket's WriteBuffer failed.
Error in <TBranch::WriteBasketImpl>: basket's WriteBuffer failed.
Error in <TBranch::WriteBasketImpl>: basket's WriteBuffer failed.
Error in <TBranch::WriteBasketImpl>: basket's WriteBuffer failed.
Error in <TBranch::WriteBasketImpl>: basket's WriteBuffer failed.
Error in <TBranch::WriteBasketImpl>: basket's WriteBuffer failed.
Error in <TBranch::WriteBasketImpl>: basket's WriteBuffer failed.
Error in <TBranch::WriteBasketImpl>: basket's WriteBuffer failed.
Error in <TBranch::WriteBasketImpl>: basket's WriteBuffer failed.
Error in <TBranch::WriteBasketImpl>: basket's WriteBuffer failed.
Error in <TBranch::WriteBasketImpl>: basket's WriteBuffer failed.
Error in <TBranch::WriteBasketImpl>: basket's WriteBuffer failed.
Error in <TBranch::WriteBasketImpl>: basket's WriteBuffer failed.
Error in <TBranch::WriteBasketImpl>: basket's WriteBuffer failed.
Error in <TBranch::WriteBasketImpl>: basket's WriteBuffer failed.
Error in <TBranch::WriteBasketImpl>: basket's WriteBuffer failed.
Error in <TBranch::WriteBasketImpl>: basket's WriteBuffer failed.
Error in <TBranch::WriteBasketImpl>: basket's WriteBuffer failed.
SysError in <TFile::WriteBuffer>: error writing to file ./SPEBT_6.Singles_xlayer1.root (-1) Stale file handle
Error in <TBranch::WriteBasketImpl>: basket's WriteBuffer failed.
Error in <TBranch::WriteBasketImpl>: basket's WriteBuffer failed.
Error in <TBranch::WriteBasketImpl>: basket's WriteBuffer failed.
Error in <TBranch::WriteBasketImpl>: basket's WriteBuffer failed.
Error in <TBranch::WriteBasketImpl>: basket's WriteBuffer failed.
Error in <TBranch::WriteBasketImpl>: basket's WriteBuffer failed.
Error in <TBranch::WriteBasketImpl>: basket's WriteBuffer failed.
Error in <TBranch::WriteBasketImpl>: basket's WriteBuffer failed.
Error in <TBranch::WriteBasketImpl>: basket's WriteBuffer failed.
Error in <TBranch::WriteBasketImpl>: basket's WriteBuffer failed.
Error in <TBranch::WriteBasketImpl>: basket's WriteBuffer failed.
Error in <TBranch::WriteBasketImpl>: basket's WriteBuffer failed.
Error in <TBranch::WriteBasketImpl>: basket's WriteBuffer failed.
Error in <TBranch::WriteBasketImpl>: basket's WriteBuffer failed.
Error in <TBranch::WriteBasketImpl>: basket's WriteBuffer failed.
Error in <TBranch::WriteBasketImpl>: basket's WriteBuffer failed.
Error in <TBranch::WriteBasketImpl>: basket's WriteBuffer failed.
Error in <TBranch::WriteBasketImpl>: basket's WriteBuffer failed.
Error in <TBranch::WriteBasketImpl>: basket's WriteBuffer failed.
Error in <TBranch::WriteBasketImpl>: basket's WriteBuffer failed.
Error in <TBranch::WriteBasketImpl>: basket's WriteBuffer failed.
Error in <TBranch::WriteBasketImpl>: basket's WriteBuffer failed.
Error in <TBranch::WriteBasketImpl>: basket's WriteBuffer failed.
Error in <TBranch::WriteBasketImpl>: basket's WriteBuffer failed.
Error in <TBranch::WriteBasketImpl>: basket's WriteBuffer failed.
SysError in <TFile::WriteBuffer>: error writing to file ./SPEBT_6.Singles_xlayer0.root (-1) Stale file handle
Error in <TBranch::WriteBasketImpl>: basket's WriteBuffer failed.
Error in <TBranch::WriteBasketImpl>: basket's WriteBuffer failed.
Error in <TBranch::WriteBasketImpl>: basket's WriteBuffer failed.
Error in <TBranch::WriteBasketImpl>: basket's WriteBuffer failed.
Error in <TBranch::WriteBasketImpl>: basket's WriteBuffer failed.
Error in <TBranch::WriteBasketImpl>: basket's WriteBuffer failed.
Error in <TBranch::WriteBasketImpl>: basket's WriteBuffer failed.
Error in <TBranch::WriteBasketImpl>: basket's WriteBuffer failed.
Error in <TBranch::WriteBasketImpl>: basket's WriteBuffer failed.
Error in <TBranch::WriteBasketImpl>: basket's WriteBuffer failed.
Error in <TBranch::WriteBasketImpl>: basket's WriteBuffer failed.
Error in <TBranch::WriteBasketImpl>: basket's WriteBuffer failed.
Error in <TBranch::WriteBasketImpl>: basket's WriteBuffer failed.
Error in <TBranch::WriteBasketImpl>: basket's WriteBuffer failed.
Error in <TBranch::WriteBasketImpl>: basket's WriteBuffer failed.
Error in <TBranch::WriteBasketImpl>: basket's WriteBuffer failed.
Error in <TBranch::WriteBasketImpl>: basket's WriteBuffer failed.
Error in <TBranch::WriteBasketImpl>: basket's WriteBuffer failed.
Error in <TBranch::WriteBasketImpl>: basket's WriteBuffer failed.
Error in <TBranch::WriteBasketImpl>: basket's WriteBuffer failed.
Error in <TBranch::WriteBasketImpl>: basket's WriteBuffer failed.
Error in <TBranch::WriteBasketImpl>: basket's WriteBuffer failed.
Error in <TBranch::WriteBasketImpl>: basket's WriteBuffer failed.
Error in <TBranch::WriteBasketImpl>: basket's WriteBuffer failed.
Error in <TBranch::WriteBasketImpl>: basket's WriteBuffer failed.
ls: cannot access '*hits*.root': No such file or directory
Error in <TFile::ReadBuffer>: error reading all requested bytes from file SPEBT_0.Singles_xlayer0.root, got 252 of 300
Error in <TFile::Init>: SPEBT_0.Singles_xlayer0.root failed to read the file type data.
Error in <TFileMerger::AddFile>: cannot open file SPEBT_0.Singles_xlayer0.root
hadd exiting due to error in SPEBT_0.Singles_xlayer0.root
