I/O warning : failed to load external entity "./Materials.xml"
I/O warning : failed to load external entity "./Materials.xml"
I/O warning : failed to load external entity "./Materials.xml"
Error in <TFile::ReadBuffer>: error reading all requested bytes from file SPEBT_2.hits_xlayer2.root, got 246 of 300
Error in <TFile::Init>: SPEBT_2.hits_xlayer2.root failed to read the file type data.
Error in <TFileMerger::AddFile>: cannot open file SPEBT_2.hits_xlayer2.root
hadd exiting due to error in SPEBT_2.hits_xlayer2.root
Error in <TFile::TFile>: file /user/tridevme/parallel/SPEBT/GATE-Macro/SPEBT_5.hits_xlayer0.root does not exist
Error in <TFileMerger::AddFile>: cannot open file SPEBT_5.hits_xlayer0.root
hadd exiting due to error in SPEBT_5.hits_xlayer0.root
Error in <TFile::TFile>: file /user/tridevme/parallel/SPEBT/GATE-Macro/SPEBT_7.hits_xlayer2.root does not exist
Error in <TFileMerger::AddFile>: cannot open file SPEBT_7.hits_xlayer2.root
hadd exiting due to error in SPEBT_7.hits_xlayer2.root
Error in <TFile::TFile>: file /user/tridevme/parallel/SPEBT/GATE-Macro/hits.root does not exist
Error in <TFileMerger::AddFile>: cannot open file hits.root
hadd exiting due to error in hits.root
Error in <TFile::ReadBuffer>: error reading all requested bytes from file SPEBT_0.Singles_xlayer0.root, got 252 of 300
Error in <TFile::Init>: SPEBT_0.Singles_xlayer0.root failed to read the file type data.
Error in <TFileMerger::AddFile>: cannot open file SPEBT_0.Singles_xlayer0.root
hadd exiting due to error in SPEBT_0.Singles_xlayer0.root
Error in <TFile::TFile>: file /user/tridevme/parallel/SPEBT/GATE-Macro/SPEBT_2.Singles_xlayer2.root does not exist
Error in <TFileMerger::AddFile>: cannot open file SPEBT_2.Singles_xlayer2.root
hadd exiting due to error in SPEBT_2.Singles_xlayer2.root
Error in <TFile::TFile>: file /user/tridevme/parallel/SPEBT/GATE-Macro/SPEBT_5.Singles_xlayer0.root does not exist
Error in <TFileMerger::AddFile>: cannot open file SPEBT_5.Singles_xlayer0.root
hadd exiting due to error in SPEBT_5.Singles_xlayer0.root
Error in <TFile::TFile>: file /user/tridevme/parallel/SPEBT/GATE-Macro/SPEBT_7.Singles_xlayer2.root does not exist
Error in <TFileMerger::AddFile>: cannot open file SPEBT_7.Singles_xlayer2.root
hadd exiting due to error in SPEBT_7.Singles_xlayer2.root
Error in <TFile::TFile>: file /user/tridevme/parallel/SPEBT/GATE-Macro/singles.root does not exist
Error in <TFileMerger::AddFile>: cannot open file singles.root
hadd exiting due to error in singles.root
