I/O warning : failed to load external entity "./Materials.xml"
I/O warning : failed to load external entity "./Materials.xml"
I/O warning : failed to load external entity "./Materials.xml"
SysError in <TFile::WriteBuffer>: error writing to file ./SPEBT_9.hits_xlayer2.root (-1) Stale file handle
SysError in <TFile::Flush>: error flushing file ./SPEBT_9.hits_xlayer3.root Stale file handle
SysError in <TFile::WriteBuffer>: error writing to file ./SPEBT_9.hits_xlayer1.root (-1) Stale file handle
Error in <TBranch::WriteBasketImpl>: basket's WriteBuffer failed.
Error in <TBranch::WriteBasketImpl>: basket's WriteBuffer failed.
Error in <TBranch::WriteBasketImpl>: basket's WriteBuffer failed.
Error in <TBranch::WriteBasketImpl>: basket's WriteBuffer failed.
Error in <TBranch::WriteBasketImpl>: basket's WriteBuffer failed.
Error in <TBranch::WriteBasketImpl>: basket's WriteBuffer failed.
Error in <TBranch::WriteBasketImpl>: basket's WriteBuffer failed.
Error in <TBranch::WriteBasketImpl>: basket's WriteBuffer failed.
Error in <TBranch::WriteBasketImpl>: basket's WriteBuffer failed.
Error in <TBranch::WriteBasketImpl>: basket's WriteBuffer failed.
Error in <TBranch::WriteBasketImpl>: basket's WriteBuffer failed.
Error in <TBranch::WriteBasketImpl>: basket's WriteBuffer failed.
Error in <TBranch::WriteBasketImpl>: basket's WriteBuffer failed.
Error in <TBranch::WriteBasketImpl>: basket's WriteBuffer failed.
Error in <TBranch::WriteBasketImpl>: basket's WriteBuffer failed.
Error in <TBranch::WriteBasketImpl>: basket's WriteBuffer failed.
Error in <TBranch::WriteBasketImpl>: basket's WriteBuffer failed.
Error in <TBranch::WriteBasketImpl>: basket's WriteBuffer failed.
Error in <TBranch::WriteBasketImpl>: basket's WriteBuffer failed.
Error in <TBranch::WriteBasketImpl>: basket's WriteBuffer failed.
Error in <TBranch::WriteBasketImpl>: basket's WriteBuffer failed.
Error in <TBranch::WriteBasketImpl>: basket's WriteBuffer failed.
Error in <TBranch::WriteBasketImpl>: basket's WriteBuffer failed.
Error in <TBranch::WriteBasketImpl>: basket's WriteBuffer failed.
Error in <TBranch::WriteBasketImpl>: basket's WriteBuffer failed.
Error in <TBranch::WriteBasketImpl>: basket's WriteBuffer failed.
Error in <TBranch::WriteBasketImpl>: basket's WriteBuffer failed.
Error in <TBranch::WriteBasketImpl>: basket's WriteBuffer failed.
Error in <TBranch::WriteBasketImpl>: basket's WriteBuffer failed.
Error in <TBranch::WriteBasketImpl>: basket's WriteBuffer failed.
Error in <TBranch::WriteBasketImpl>: basket's WriteBuffer failed.
Error in <TBranch::WriteBasketImpl>: basket's WriteBuffer failed.
Error in <TBranch::WriteBasketImpl>: basket's WriteBuffer failed.
Error in <TBranch::WriteBasketImpl>: basket's WriteBuffer failed.
Error in <TBranch::WriteBasketImpl>: basket's WriteBuffer failed.
Error in <TBranch::WriteBasketImpl>: basket's WriteBuffer failed.
Error in <TBranch::WriteBasketImpl>: basket's WriteBuffer failed.
Error in <TBranch::WriteBasketImpl>: basket's WriteBuffer failed.
Error in <TBranch::WriteBasketImpl>: basket's WriteBuffer failed.
Error in <TBranch::WriteBasketImpl>: basket's WriteBuffer failed.
Error in <TBranch::WriteBasketImpl>: basket's WriteBuffer failed.
Error in <TBranch::WriteBasketImpl>: basket's WriteBuffer failed.
Error in <TBranch::WriteBasketImpl>: basket's WriteBuffer failed.
Error in <TBranch::WriteBasketImpl>: basket's WriteBuffer failed.
Error in <TBranch::WriteBasketImpl>: basket's WriteBuffer failed.
Error in <TBranch::WriteBasketImpl>: basket's WriteBuffer failed.
Error in <TBranch::WriteBasketImpl>: basket's WriteBuffer failed.
Error in <TBranch::WriteBasketImpl>: basket's WriteBuffer failed.
Error in <TBranch::WriteBasketImpl>: basket's WriteBuffer failed.
Error in <TBranch::WriteBasketImpl>: basket's WriteBuffer failed.
Error in <TBranch::WriteBasketImpl>: basket's WriteBuffer failed.
Error in <TBranch::WriteBasketImpl>: basket's WriteBuffer failed.
Error in <TBranch::WriteBasketImpl>: basket's WriteBuffer failed.
SysError in <TFile::WriteBuffer>: error writing to file ./SPEBT_9.hits_xlayer0.root (-1) Stale file handle
Error in <TBranch::WriteBasketImpl>: basket's WriteBuffer failed.
Error in <TBranch::WriteBasketImpl>: basket's WriteBuffer failed.
Error in <TBranch::WriteBasketImpl>: basket's WriteBuffer failed.
Error in <TBranch::WriteBasketImpl>: basket's WriteBuffer failed.
Error in <TBranch::WriteBasketImpl>: basket's WriteBuffer failed.
Error in <TBranch::WriteBasketImpl>: basket's WriteBuffer failed.
Error in <TBranch::WriteBasketImpl>: basket's WriteBuffer failed.
Error in <TBranch::WriteBasketImpl>: basket's WriteBuffer failed.
Error in <TBranch::WriteBasketImpl>: basket's WriteBuffer failed.
Error in <TBranch::WriteBasketImpl>: basket's WriteBuffer failed.
Error in <TBranch::WriteBasketImpl>: basket's WriteBuffer failed.
Error in <TBranch::WriteBasketImpl>: basket's WriteBuffer failed.
Error in <TBranch::WriteBasketImpl>: basket's WriteBuffer failed.
Error in <TBranch::WriteBasketImpl>: basket's WriteBuffer failed.
Error in <TBranch::WriteBasketImpl>: basket's WriteBuffer failed.
Error in <TBranch::WriteBasketImpl>: basket's WriteBuffer failed.
Error in <TBranch::WriteBasketImpl>: basket's WriteBuffer failed.
Error in <TBranch::WriteBasketImpl>: basket's WriteBuffer failed.
Error in <TBranch::WriteBasketImpl>: basket's WriteBuffer failed.
Error in <TBranch::WriteBasketImpl>: basket's WriteBuffer failed.
Error in <TBranch::WriteBasketImpl>: basket's WriteBuffer failed.
Error in <TBranch::WriteBasketImpl>: basket's WriteBuffer failed.
Error in <TBranch::WriteBasketImpl>: basket's WriteBuffer failed.
Error in <TBranch::WriteBasketImpl>: basket's WriteBuffer failed.
Error in <TBranch::WriteBasketImpl>: basket's WriteBuffer failed.
Error in <TBranch::WriteBasketImpl>: basket's WriteBuffer failed.
Error in <TBranch::WriteBasketImpl>: basket's WriteBuffer failed.
Error in <TBranch::WriteBasketImpl>: basket's WriteBuffer failed.
Error in <TBranch::WriteBasketImpl>: basket's WriteBuffer failed.
Error in <TBranch::WriteBasketImpl>: basket's WriteBuffer failed.
Error in <TBranch::WriteBasketImpl>: basket's WriteBuffer failed.
Error in <TBranch::WriteBasketImpl>: basket's WriteBuffer failed.
Error in <TBranch::WriteBasketImpl>: basket's WriteBuffer failed.
Error in <TBranch::WriteBasketImpl>: basket's WriteBuffer failed.
Error in <TBranch::WriteBasketImpl>: basket's WriteBuffer failed.
Error in <TBranch::WriteBasketImpl>: basket's WriteBuffer failed.
Error in <TBranch::WriteBasketImpl>: basket's WriteBuffer failed.
Error in <TBranch::WriteBasketImpl>: basket's WriteBuffer failed.
Error in <TBranch::WriteBasketImpl>: basket's WriteBuffer failed.
Error in <TBranch::WriteBasketImpl>: basket's WriteBuffer failed.
Error in <TBranch::WriteBasketImpl>: basket's WriteBuffer failed.
Error in <TBranch::WriteBasketImpl>: basket's WriteBuffer failed.
Error in <TBranch::WriteBasketImpl>: basket's WriteBuffer failed.
Error in <TBranch::WriteBasketImpl>: basket's WriteBuffer failed.
Error in <TBranch::WriteBasketImpl>: basket's WriteBuffer failed.
Error in <TBranch::WriteBasketImpl>: basket's WriteBuffer failed.
Error in <TBranch::WriteBasketImpl>: basket's WriteBuffer failed.
Error in <TBranch::WriteBasketImpl>: basket's WriteBuffer failed.
Error in <TBranch::WriteBasketImpl>: basket's WriteBuffer failed.
Error in <TBranch::WriteBasketImpl>: basket's WriteBuffer failed.
Error in <TBranch::WriteBasketImpl>: basket's WriteBuffer failed.
Error in <TBranch::WriteBasketImpl>: basket's WriteBuffer failed.
Error in <TBranch::WriteBasketImpl>: basket's WriteBuffer failed.
SysError in <TFile::Flush>: error flushing file ./SPEBT_9.Singles_xlayer3.root Stale file handle
SysError in <TFile::WriteBuffer>: error writing to file ./SPEBT_9.Singles_xlayer2.root (-1) Stale file handle
Error in <TBranch::WriteBasketImpl>: basket's WriteBuffer failed.
Error in <TBranch::WriteBasketImpl>: basket's WriteBuffer failed.
Error in <TBranch::WriteBasketImpl>: basket's WriteBuffer failed.
Error in <TBranch::WriteBasketImpl>: basket's WriteBuffer failed.
Error in <TBranch::WriteBasketImpl>: basket's WriteBuffer failed.
Error in <TBranch::WriteBasketImpl>: basket's WriteBuffer failed.
Error in <TBranch::WriteBasketImpl>: basket's WriteBuffer failed.
Error in <TBranch::WriteBasketImpl>: basket's WriteBuffer failed.
Error in <TBranch::WriteBasketImpl>: basket's WriteBuffer failed.
Error in <TBranch::WriteBasketImpl>: basket's WriteBuffer failed.
Error in <TBranch::WriteBasketImpl>: basket's WriteBuffer failed.
Error in <TBranch::WriteBasketImpl>: basket's WriteBuffer failed.
Error in <TBranch::WriteBasketImpl>: basket's WriteBuffer failed.
Error in <TBranch::WriteBasketImpl>: basket's WriteBuffer failed.
Error in <TBranch::WriteBasketImpl>: basket's WriteBuffer failed.
Error in <TBranch::WriteBasketImpl>: basket's WriteBuffer failed.
Error in <TBranch::WriteBasketImpl>: basket's WriteBuffer failed.
Error in <TBranch::WriteBasketImpl>: basket's WriteBuffer failed.
Error in <TBranch::WriteBasketImpl>: basket's WriteBuffer failed.
Error in <TBranch::WriteBasketImpl>: basket's WriteBuffer failed.
Error in <TBranch::WriteBasketImpl>: basket's WriteBuffer failed.
Error in <TBranch::WriteBasketImpl>: basket's WriteBuffer failed.
Error in <TBranch::WriteBasketImpl>: basket's WriteBuffer failed.
Error in <TBranch::WriteBasketImpl>: basket's WriteBuffer failed.
Error in <TBranch::WriteBasketImpl>: basket's WriteBuffer failed.
SysError in <TFile::WriteBuffer>: error writing to file ./SPEBT_9.Singles_xlayer1.root (-1) Stale file handle
Error in <TBranch::WriteBasketImpl>: basket's WriteBuffer failed.
Error in <TBranch::WriteBasketImpl>: basket's WriteBuffer failed.
Error in <TBranch::WriteBasketImpl>: basket's WriteBuffer failed.
Error in <TBranch::WriteBasketImpl>: basket's WriteBuffer failed.
Error in <TBranch::WriteBasketImpl>: basket's WriteBuffer failed.
Error in <TBranch::WriteBasketImpl>: basket's WriteBuffer failed.
Error in <TBranch::WriteBasketImpl>: basket's WriteBuffer failed.
Error in <TBranch::WriteBasketImpl>: basket's WriteBuffer failed.
Error in <TBranch::WriteBasketImpl>: basket's WriteBuffer failed.
Error in <TBranch::WriteBasketImpl>: basket's WriteBuffer failed.
Error in <TBranch::WriteBasketImpl>: basket's WriteBuffer failed.
Error in <TBranch::WriteBasketImpl>: basket's WriteBuffer failed.
Error in <TBranch::WriteBasketImpl>: basket's WriteBuffer failed.
Error in <TBranch::WriteBasketImpl>: basket's WriteBuffer failed.
Error in <TBranch::WriteBasketImpl>: basket's WriteBuffer failed.
Error in <TBranch::WriteBasketImpl>: basket's WriteBuffer failed.
Error in <TBranch::WriteBasketImpl>: basket's WriteBuffer failed.
Error in <TBranch::WriteBasketImpl>: basket's WriteBuffer failed.
Error in <TBranch::WriteBasketImpl>: basket's WriteBuffer failed.
Error in <TBranch::WriteBasketImpl>: basket's WriteBuffer failed.
Error in <TBranch::WriteBasketImpl>: basket's WriteBuffer failed.
Error in <TBranch::WriteBasketImpl>: basket's WriteBuffer failed.
Error in <TBranch::WriteBasketImpl>: basket's WriteBuffer failed.
Error in <TBranch::WriteBasketImpl>: basket's WriteBuffer failed.
Error in <TBranch::WriteBasketImpl>: basket's WriteBuffer failed.
SysError in <TFile::WriteBuffer>: error writing to file ./SPEBT_9.Singles_xlayer0.root (-1) Stale file handle
Error in <TBranch::WriteBasketImpl>: basket's WriteBuffer failed.
Error in <TBranch::WriteBasketImpl>: basket's WriteBuffer failed.
Error in <TBranch::WriteBasketImpl>: basket's WriteBuffer failed.
Error in <TBranch::WriteBasketImpl>: basket's WriteBuffer failed.
Error in <TBranch::WriteBasketImpl>: basket's WriteBuffer failed.
Error in <TBranch::WriteBasketImpl>: basket's WriteBuffer failed.
Error in <TBranch::WriteBasketImpl>: basket's WriteBuffer failed.
Error in <TBranch::WriteBasketImpl>: basket's WriteBuffer failed.
Error in <TBranch::WriteBasketImpl>: basket's WriteBuffer failed.
Error in <TBranch::WriteBasketImpl>: basket's WriteBuffer failed.
Error in <TBranch::WriteBasketImpl>: basket's WriteBuffer failed.
Error in <TBranch::WriteBasketImpl>: basket's WriteBuffer failed.
Error in <TBranch::WriteBasketImpl>: basket's WriteBuffer failed.
Error in <TBranch::WriteBasketImpl>: basket's WriteBuffer failed.
Error in <TBranch::WriteBasketImpl>: basket's WriteBuffer failed.
Error in <TBranch::WriteBasketImpl>: basket's WriteBuffer failed.
Error in <TBranch::WriteBasketImpl>: basket's WriteBuffer failed.
Error in <TBranch::WriteBasketImpl>: basket's WriteBuffer failed.
Error in <TBranch::WriteBasketImpl>: basket's WriteBuffer failed.
Error in <TBranch::WriteBasketImpl>: basket's WriteBuffer failed.
Error in <TBranch::WriteBasketImpl>: basket's WriteBuffer failed.
Error in <TBranch::WriteBasketImpl>: basket's WriteBuffer failed.
Error in <TBranch::WriteBasketImpl>: basket's WriteBuffer failed.
Error in <TBranch::WriteBasketImpl>: basket's WriteBuffer failed.
Error in <TBranch::WriteBasketImpl>: basket's WriteBuffer failed.
ls: cannot access '*hits*.root': No such file or directory
ls: cannot access '*Singles*.root': No such file or directory
