I/O warning : failed to load external entity "./Materials.xml"
I/O warning : failed to load external entity "./Materials.xml"
I/O warning : failed to load external entity "./Materials.xml"
SysError in <TFile::WriteBuffer>: error writing to file ./SPEBT_5.hits_xlayer2.root (-1) Stale file handle
SysError in <TFile::WriteBuffer>: error writing to file ./SPEBT_5.hits_xlayer3.root (-1) Stale file handle
Error in <TBranch::WriteBasketImpl>: basket's WriteBuffer failed.
Error in <TBranch::WriteBasketImpl>: basket's WriteBuffer failed.
Error in <TBranch::WriteBasketImpl>: basket's WriteBuffer failed.
Error in <TBranch::WriteBasketImpl>: basket's WriteBuffer failed.
Error in <TBranch::WriteBasketImpl>: basket's WriteBuffer failed.
Error in <TBranch::WriteBasketImpl>: basket's WriteBuffer failed.
Error in <TBranch::WriteBasketImpl>: basket's WriteBuffer failed.
Error in <TBranch::WriteBasketImpl>: basket's WriteBuffer failed.
Error in <TBranch::WriteBasketImpl>: basket's WriteBuffer failed.
Error in <TBranch::WriteBasketImpl>: basket's WriteBuffer failed.
Error in <TBranch::WriteBasketImpl>: basket's WriteBuffer failed.
Error in <TBranch::WriteBasketImpl>: basket's WriteBuffer failed.
Error in <TBranch::WriteBasketImpl>: basket's WriteBuffer failed.
Error in <TBranch::WriteBasketImpl>: basket's WriteBuffer failed.
Error in <TBranch::WriteBasketImpl>: basket's WriteBuffer failed.
Error in <TBranch::WriteBasketImpl>: basket's WriteBuffer failed.
Error in <TBranch::WriteBasketImpl>: basket's WriteBuffer failed.
Error in <TBranch::WriteBasketImpl>: basket's WriteBuffer failed.
Error in <TBranch::WriteBasketImpl>: basket's WriteBuffer failed.
Error in <TBranch::WriteBasketImpl>: basket's WriteBuffer failed.
Error in <TBranch::WriteBasketImpl>: basket's WriteBuffer failed.
Error in <TBranch::WriteBasketImpl>: basket's WriteBuffer failed.
Error in <TBranch::WriteBasketImpl>: basket's WriteBuffer failed.
Error in <TBranch::WriteBasketImpl>: basket's WriteBuffer failed.
Error in <TBranch::WriteBasketImpl>: basket's WriteBuffer failed.
Error in <TBranch::WriteBasketImpl>: basket's WriteBuffer failed.
Error in <TBranch::WriteBasketImpl>: basket's WriteBuffer failed.
Error in <TBranch::WriteBasketImpl>: basket's WriteBuffer failed.
Error in <TBranch::WriteBasketImpl>: basket's WriteBuffer failed.
Error in <TBranch::WriteBasketImpl>: basket's WriteBuffer failed.
Error in <TBranch::WriteBasketImpl>: basket's WriteBuffer failed.
Error in <TBranch::WriteBasketImpl>: basket's WriteBuffer failed.
Error in <TBranch::WriteBasketImpl>: basket's WriteBuffer failed.
Error in <TBranch::WriteBasketImpl>: basket's WriteBuffer failed.
Error in <TBranch::WriteBasketImpl>: basket's WriteBuffer failed.
Error in <TBranch::WriteBasketImpl>: basket's WriteBuffer failed.
Error in <TBranch::WriteBasketImpl>: basket's WriteBuffer failed.
Error in <TBranch::WriteBasketImpl>: basket's WriteBuffer failed.
Error in <TBranch::WriteBasketImpl>: basket's WriteBuffer failed.
Error in <TBranch::WriteBasketImpl>: basket's WriteBuffer failed.
Error in <TBranch::WriteBasketImpl>: basket's WriteBuffer failed.
Error in <TBranch::WriteBasketImpl>: basket's WriteBuffer failed.
Error in <TBranch::WriteBasketImpl>: basket's WriteBuffer failed.
Error in <TBranch::WriteBasketImpl>: basket's WriteBuffer failed.
Error in <TBranch::WriteBasketImpl>: basket's WriteBuffer failed.
Error in <TBranch::WriteBasketImpl>: basket's WriteBuffer failed.
Error in <TBranch::WriteBasketImpl>: basket's WriteBuffer failed.
Error in <TBranch::WriteBasketImpl>: basket's WriteBuffer failed.
Error in <TBranch::WriteBasketImpl>: basket's WriteBuffer failed.
Error in <TBranch::WriteBasketImpl>: basket's WriteBuffer failed.
Error in <TBranch::WriteBasketImpl>: basket's WriteBuffer failed.
Error in <TBranch::WriteBasketImpl>: basket's WriteBuffer failed.
Error in <TBranch::WriteBasketImpl>: basket's WriteBuffer failed.
SysError in <TFile::WriteBuffer>: error writing to file ./SPEBT_5.hits_xlayer1.root (-1) Stale file handle
Error in <TBranch::WriteBasketImpl>: basket's WriteBuffer failed.
Error in <TBranch::WriteBasketImpl>: basket's WriteBuffer failed.
Error in <TBranch::WriteBasketImpl>: basket's WriteBuffer failed.
Error in <TBranch::WriteBasketImpl>: basket's WriteBuffer failed.
Error in <TBranch::WriteBasketImpl>: basket's WriteBuffer failed.
Error in <TBranch::WriteBasketImpl>: basket's WriteBuffer failed.
Error in <TBranch::WriteBasketImpl>: basket's WriteBuffer failed.
Error in <TBranch::WriteBasketImpl>: basket's WriteBuffer failed.
Error in <TBranch::WriteBasketImpl>: basket's WriteBuffer failed.
Error in <TBranch::WriteBasketImpl>: basket's WriteBuffer failed.
Error in <TBranch::WriteBasketImpl>: basket's WriteBuffer failed.
Error in <TBranch::WriteBasketImpl>: basket's WriteBuffer failed.
Error in <TBranch::WriteBasketImpl>: basket's WriteBuffer failed.
Error in <TBranch::WriteBasketImpl>: basket's WriteBuffer failed.
Error in <TBranch::WriteBasketImpl>: basket's WriteBuffer failed.
Error in <TBranch::WriteBasketImpl>: basket's WriteBuffer failed.
Error in <TBranch::WriteBasketImpl>: basket's WriteBuffer failed.
Error in <TBranch::WriteBasketImpl>: basket's WriteBuffer failed.
Error in <TBranch::WriteBasketImpl>: basket's WriteBuffer failed.
Error in <TBranch::WriteBasketImpl>: basket's WriteBuffer failed.
Error in <TBranch::WriteBasketImpl>: basket's WriteBuffer failed.
Error in <TBranch::WriteBasketImpl>: basket's WriteBuffer failed.
Error in <TBranch::WriteBasketImpl>: basket's WriteBuffer failed.
Error in <TBranch::WriteBasketImpl>: basket's WriteBuffer failed.
Error in <TBranch::WriteBasketImpl>: basket's WriteBuffer failed.
Error in <TBranch::WriteBasketImpl>: basket's WriteBuffer failed.
Error in <TBranch::WriteBasketImpl>: basket's WriteBuffer failed.
Error in <TBranch::WriteBasketImpl>: basket's WriteBuffer failed.
Error in <TBranch::WriteBasketImpl>: basket's WriteBuffer failed.
Error in <TBranch::WriteBasketImpl>: basket's WriteBuffer failed.
Error in <TBranch::WriteBasketImpl>: basket's WriteBuffer failed.
Error in <TBranch::WriteBasketImpl>: basket's WriteBuffer failed.
Error in <TBranch::WriteBasketImpl>: basket's WriteBuffer failed.
Error in <TBranch::WriteBasketImpl>: basket's WriteBuffer failed.
Error in <TBranch::WriteBasketImpl>: basket's WriteBuffer failed.
Error in <TBranch::WriteBasketImpl>: basket's WriteBuffer failed.
Error in <TBranch::WriteBasketImpl>: basket's WriteBuffer failed.
Error in <TBranch::WriteBasketImpl>: basket's WriteBuffer failed.
Error in <TBranch::WriteBasketImpl>: basket's WriteBuffer failed.
Error in <TBranch::WriteBasketImpl>: basket's WriteBuffer failed.
Error in <TBranch::WriteBasketImpl>: basket's WriteBuffer failed.
Error in <TBranch::WriteBasketImpl>: basket's WriteBuffer failed.
Error in <TBranch::WriteBasketImpl>: basket's WriteBuffer failed.
Error in <TBranch::WriteBasketImpl>: basket's WriteBuffer failed.
Error in <TBranch::WriteBasketImpl>: basket's WriteBuffer failed.
Error in <TBranch::WriteBasketImpl>: basket's WriteBuffer failed.
Error in <TBranch::WriteBasketImpl>: basket's WriteBuffer failed.
Error in <TBranch::WriteBasketImpl>: basket's WriteBuffer failed.
Error in <TBranch::WriteBasketImpl>: basket's WriteBuffer failed.
Error in <TBranch::WriteBasketImpl>: basket's WriteBuffer failed.
Error in <TBranch::WriteBasketImpl>: basket's WriteBuffer failed.
Error in <TBranch::WriteBasketImpl>: basket's WriteBuffer failed.
Error in <TBranch::WriteBasketImpl>: basket's WriteBuffer failed.
SysError in <TFile::WriteBuffer>: error writing to file ./SPEBT_5.hits_xlayer0.root (-1) Stale file handle
Error in <TBranch::WriteBasketImpl>: basket's WriteBuffer failed.
Error in <TBranch::WriteBasketImpl>: basket's WriteBuffer failed.
Error in <TBranch::WriteBasketImpl>: basket's WriteBuffer failed.
Error in <TBranch::WriteBasketImpl>: basket's WriteBuffer failed.
Error in <TBranch::WriteBasketImpl>: basket's WriteBuffer failed.
Error in <TBranch::WriteBasketImpl>: basket's WriteBuffer failed.
Error in <TBranch::WriteBasketImpl>: basket's WriteBuffer failed.
Error in <TBranch::WriteBasketImpl>: basket's WriteBuffer failed.
Error in <TBranch::WriteBasketImpl>: basket's WriteBuffer failed.
Error in <TBranch::WriteBasketImpl>: basket's WriteBuffer failed.
Error in <TBranch::WriteBasketImpl>: basket's WriteBuffer failed.
Error in <TBranch::WriteBasketImpl>: basket's WriteBuffer failed.
Error in <TBranch::WriteBasketImpl>: basket's WriteBuffer failed.
Error in <TBranch::WriteBasketImpl>: basket's WriteBuffer failed.
Error in <TBranch::WriteBasketImpl>: basket's WriteBuffer failed.
Error in <TBranch::WriteBasketImpl>: basket's WriteBuffer failed.
Error in <TBranch::WriteBasketImpl>: basket's WriteBuffer failed.
Error in <TBranch::WriteBasketImpl>: basket's WriteBuffer failed.
Error in <TBranch::WriteBasketImpl>: basket's WriteBuffer failed.
Error in <TBranch::WriteBasketImpl>: basket's WriteBuffer failed.
Error in <TBranch::WriteBasketImpl>: basket's WriteBuffer failed.
Error in <TBranch::WriteBasketImpl>: basket's WriteBuffer failed.
Error in <TBranch::WriteBasketImpl>: basket's WriteBuffer failed.
Error in <TBranch::WriteBasketImpl>: basket's WriteBuffer failed.
Error in <TBranch::WriteBasketImpl>: basket's WriteBuffer failed.
Error in <TBranch::WriteBasketImpl>: basket's WriteBuffer failed.
Error in <TBranch::WriteBasketImpl>: basket's WriteBuffer failed.
Error in <TBranch::WriteBasketImpl>: basket's WriteBuffer failed.
Error in <TBranch::WriteBasketImpl>: basket's WriteBuffer failed.
Error in <TBranch::WriteBasketImpl>: basket's WriteBuffer failed.
Error in <TBranch::WriteBasketImpl>: basket's WriteBuffer failed.
Error in <TBranch::WriteBasketImpl>: basket's WriteBuffer failed.
Error in <TBranch::WriteBasketImpl>: basket's WriteBuffer failed.
Error in <TBranch::WriteBasketImpl>: basket's WriteBuffer failed.
Error in <TBranch::WriteBasketImpl>: basket's WriteBuffer failed.
Error in <TBranch::WriteBasketImpl>: basket's WriteBuffer failed.
Error in <TBranch::WriteBasketImpl>: basket's WriteBuffer failed.
Error in <TBranch::WriteBasketImpl>: basket's WriteBuffer failed.
Error in <TBranch::WriteBasketImpl>: basket's WriteBuffer failed.
Error in <TBranch::WriteBasketImpl>: basket's WriteBuffer failed.
Error in <TBranch::WriteBasketImpl>: basket's WriteBuffer failed.
Error in <TBranch::WriteBasketImpl>: basket's WriteBuffer failed.
Error in <TBranch::WriteBasketImpl>: basket's WriteBuffer failed.
Error in <TBranch::WriteBasketImpl>: basket's WriteBuffer failed.
Error in <TBranch::WriteBasketImpl>: basket's WriteBuffer failed.
Error in <TBranch::WriteBasketImpl>: basket's WriteBuffer failed.
Error in <TBranch::WriteBasketImpl>: basket's WriteBuffer failed.
Error in <TBranch::WriteBasketImpl>: basket's WriteBuffer failed.
Error in <TBranch::WriteBasketImpl>: basket's WriteBuffer failed.
Error in <TBranch::WriteBasketImpl>: basket's WriteBuffer failed.
Error in <TBranch::WriteBasketImpl>: basket's WriteBuffer failed.
Error in <TBranch::WriteBasketImpl>: basket's WriteBuffer failed.
Error in <TBranch::WriteBasketImpl>: basket's WriteBuffer failed.
SysError in <TFile::Flush>: error flushing file ./SPEBT_5.Singles_xlayer3.root Stale file handle
SysError in <TFile::WriteBuffer>: error writing to file ./SPEBT_5.Singles_xlayer2.root (-1) Stale file handle
Error in <TBranch::WriteBasketImpl>: basket's WriteBuffer failed.
Error in <TBranch::WriteBasketImpl>: basket's WriteBuffer failed.
Error in <TBranch::WriteBasketImpl>: basket's WriteBuffer failed.
Error in <TBranch::WriteBasketImpl>: basket's WriteBuffer failed.
Error in <TBranch::WriteBasketImpl>: basket's WriteBuffer failed.
Error in <TBranch::WriteBasketImpl>: basket's WriteBuffer failed.
Error in <TBranch::WriteBasketImpl>: basket's WriteBuffer failed.
Error in <TBranch::WriteBasketImpl>: basket's WriteBuffer failed.
Error in <TBranch::WriteBasketImpl>: basket's WriteBuffer failed.
Error in <TBranch::WriteBasketImpl>: basket's WriteBuffer failed.
Error in <TBranch::WriteBasketImpl>: basket's WriteBuffer failed.
Error in <TBranch::WriteBasketImpl>: basket's WriteBuffer failed.
Error in <TBranch::WriteBasketImpl>: basket's WriteBuffer failed.
Error in <TBranch::WriteBasketImpl>: basket's WriteBuffer failed.
Error in <TBranch::WriteBasketImpl>: basket's WriteBuffer failed.
Error in <TBranch::WriteBasketImpl>: basket's WriteBuffer failed.
Error in <TBranch::WriteBasketImpl>: basket's WriteBuffer failed.
Error in <TBranch::WriteBasketImpl>: basket's WriteBuffer failed.
Error in <TBranch::WriteBasketImpl>: basket's WriteBuffer failed.
Error in <TBranch::WriteBasketImpl>: basket's WriteBuffer failed.
Error in <TBranch::WriteBasketImpl>: basket's WriteBuffer failed.
Error in <TBranch::WriteBasketImpl>: basket's WriteBuffer failed.
Error in <TBranch::WriteBasketImpl>: basket's WriteBuffer failed.
Error in <TBranch::WriteBasketImpl>: basket's WriteBuffer failed.
Error in <TBranch::WriteBasketImpl>: basket's WriteBuffer failed.
SysError in <TFile::WriteBuffer>: error writing to file ./SPEBT_5.Singles_xlayer1.root (-1) Stale file handle
Error in <TBranch::WriteBasketImpl>: basket's WriteBuffer failed.
Error in <TBranch::WriteBasketImpl>: basket's WriteBuffer failed.
Error in <TBranch::WriteBasketImpl>: basket's WriteBuffer failed.
Error in <TBranch::WriteBasketImpl>: basket's WriteBuffer failed.
Error in <TBranch::WriteBasketImpl>: basket's WriteBuffer failed.
Error in <TBranch::WriteBasketImpl>: basket's WriteBuffer failed.
Error in <TBranch::WriteBasketImpl>: basket's WriteBuffer failed.
Error in <TBranch::WriteBasketImpl>: basket's WriteBuffer failed.
Error in <TBranch::WriteBasketImpl>: basket's WriteBuffer failed.
Error in <TBranch::WriteBasketImpl>: basket's WriteBuffer failed.
Error in <TBranch::WriteBasketImpl>: basket's WriteBuffer failed.
Error in <TBranch::WriteBasketImpl>: basket's WriteBuffer failed.
Error in <TBranch::WriteBasketImpl>: basket's WriteBuffer failed.
Error in <TBranch::WriteBasketImpl>: basket's WriteBuffer failed.
Error in <TBranch::WriteBasketImpl>: basket's WriteBuffer failed.
Error in <TBranch::WriteBasketImpl>: basket's WriteBuffer failed.
Error in <TBranch::WriteBasketImpl>: basket's WriteBuffer failed.
Error in <TBranch::WriteBasketImpl>: basket's WriteBuffer failed.
Error in <TBranch::WriteBasketImpl>: basket's WriteBuffer failed.
Error in <TBranch::WriteBasketImpl>: basket's WriteBuffer failed.
Error in <TBranch::WriteBasketImpl>: basket's WriteBuffer failed.
Error in <TBranch::WriteBasketImpl>: basket's WriteBuffer failed.
Error in <TBranch::WriteBasketImpl>: basket's WriteBuffer failed.
Error in <TBranch::WriteBasketImpl>: basket's WriteBuffer failed.
Error in <TBranch::WriteBasketImpl>: basket's WriteBuffer failed.
SysError in <TFile::WriteBuffer>: error writing to file ./SPEBT_5.Singles_xlayer0.root (-1) Stale file handle
Error in <TBranch::WriteBasketImpl>: basket's WriteBuffer failed.
Error in <TBranch::WriteBasketImpl>: basket's WriteBuffer failed.
Error in <TBranch::WriteBasketImpl>: basket's WriteBuffer failed.
Error in <TBranch::WriteBasketImpl>: basket's WriteBuffer failed.
Error in <TBranch::WriteBasketImpl>: basket's WriteBuffer failed.
Error in <TBranch::WriteBasketImpl>: basket's WriteBuffer failed.
Error in <TBranch::WriteBasketImpl>: basket's WriteBuffer failed.
Error in <TBranch::WriteBasketImpl>: basket's WriteBuffer failed.
Error in <TBranch::WriteBasketImpl>: basket's WriteBuffer failed.
Error in <TBranch::WriteBasketImpl>: basket's WriteBuffer failed.
Error in <TBranch::WriteBasketImpl>: basket's WriteBuffer failed.
Error in <TBranch::WriteBasketImpl>: basket's WriteBuffer failed.
Error in <TBranch::WriteBasketImpl>: basket's WriteBuffer failed.
Error in <TBranch::WriteBasketImpl>: basket's WriteBuffer failed.
Error in <TBranch::WriteBasketImpl>: basket's WriteBuffer failed.
Error in <TBranch::WriteBasketImpl>: basket's WriteBuffer failed.
Error in <TBranch::WriteBasketImpl>: basket's WriteBuffer failed.
Error in <TBranch::WriteBasketImpl>: basket's WriteBuffer failed.
Error in <TBranch::WriteBasketImpl>: basket's WriteBuffer failed.
Error in <TBranch::WriteBasketImpl>: basket's WriteBuffer failed.
Error in <TBranch::WriteBasketImpl>: basket's WriteBuffer failed.
Error in <TBranch::WriteBasketImpl>: basket's WriteBuffer failed.
Error in <TBranch::WriteBasketImpl>: basket's WriteBuffer failed.
Error in <TBranch::WriteBasketImpl>: basket's WriteBuffer failed.
Error in <TBranch::WriteBasketImpl>: basket's WriteBuffer failed.
Error in <TFile::ReadBuffer>: error reading all requested bytes from file SPEBT_0.hits_xlayer0.root, got 246 of 300
Error in <TFile::Init>: SPEBT_0.hits_xlayer0.root failed to read the file type data.
Error in <TFileMerger::AddFile>: cannot open file SPEBT_0.hits_xlayer0.root
hadd exiting due to error in SPEBT_0.hits_xlayer0.root
SysError in <TFile::TFile>: could not delete /user/tridevme/parallel/SPEBT/GATE-Macro/SPEBT_0.Singles_xlayer0.root (errno: 2) No such file or directory
Error in <TFileMerger::OutputFile>: cannot open the MERGER output file 
hadd error opening target file (does SPEBT_0.Singles_xlayer0.root exist?).
