Loading necessary modules...
TEMP_DIR is set to: /user/tridevme/parallel/SPEBT/GATE-Macro/temp_17839236
OUTPUT_DIR is set to: /user/tridevme/parallel/SPEBT/GATE-Macro/output
Starting GATE simulations...
Creating macro file for job 1...
Macro file SPEBT_1.mac created successfully.
Creating macro file for job 2...
Macro file SPEBT_2.mac created successfully.
Creating macro file for job 3...
Macro file SPEBT_3.mac created successfully.
Creating macro file for job 4...
Macro file SPEBT_4.mac created successfully.
Creating macro file for job 5...
Macro file SPEBT_5.mac created successfully.
Creating macro file for job 6...
Macro file SPEBT_6.mac created successfully.
Creating macro file for job 7...
Macro file SPEBT_7.mac created successfully.
Creating macro file for job 8...
Macro file SPEBT_8.mac created successfully.
Creating macro file for job 9...
Macro file SPEBT_9.mac created successfully.
Creating macro file for job 10...
Macro file SPEBT_10.mac created successfully.
Creating macro file for job 11...
Macro file SPEBT_11.mac created successfully.
Creating macro file for job 12...
Macro file SPEBT_12.mac created successfully.
Creating macro file for job 13...
Macro file SPEBT_13.mac created successfully.
Creating macro file for job 14...
Macro file SPEBT_14.mac created successfully.
Creating macro file for job 15...
Macro file SPEBT_15.mac created successfully.
Creating macro file for job 16...
Macro file SPEBT_16.mac created successfully.
Creating macro file for job 17...
Macro file SPEBT_17.mac created successfully.
Creating macro file for job 18...
Macro file SPEBT_18.mac created successfully.
Creating macro file for job 19...
Macro file SPEBT_19.mac created successfully.
Creating macro file for job 20...
Macro file SPEBT_20.mac created successfully.
Creating macro file for job 21...
Macro file SPEBT_21.mac created successfully.
Creating macro file for job 22...
Macro file SPEBT_22.mac created successfully.
Creating macro file for job 23...
Macro file SPEBT_23.mac created successfully.
Creating macro file for job 24...
Macro file SPEBT_24.mac created successfully.
Creating macro file for job 25...
Macro file SPEBT_25.mac created successfully.
Creating macro file for job 26...
Macro file SPEBT_26.mac created successfully.
Creating macro file for job 27...
Macro file SPEBT_27.mac created successfully.
Creating macro file for job 28...
Macro file SPEBT_28.mac created successfully.
Creating macro file for job 29...
Macro file SPEBT_29.mac created successfully.
Creating macro file for job 30...
Macro file SPEBT_30.mac created successfully.
Creating macro file for job 31...
Macro file SPEBT_31.mac created successfully.
Creating macro file for job 32...
Macro file SPEBT_32.mac created successfully.
Creating macro file for job 33...
Macro file SPEBT_33.mac created successfully.
Creating macro file for job 34...
Macro file SPEBT_34.mac created successfully.
Creating macro file for job 35...
Macro file SPEBT_35.mac created successfully.
Creating macro file for job 36...
Macro file SPEBT_36.mac created successfully.
Creating macro file for job 37...
Macro file SPEBT_37.mac created successfully.
Creating macro file for job 38...
Macro file SPEBT_38.mac created successfully.
Creating macro file for job 39...
Macro file SPEBT_39.mac created successfully.
Creating macro file for job 40...
Macro file SPEBT_40.mac created successfully.
Creating macro file for job 41...
Macro file SPEBT_41.mac created successfully.
Creating macro file for job 42...
Macro file SPEBT_42.mac created successfully.
Creating macro file for job 43...
Macro file SPEBT_43.mac created successfully.
Creating macro file for job 44...
Macro file SPEBT_44.mac created successfully.
Creating macro file for job 45...
Macro file SPEBT_45.mac created successfully.
Creating macro file for job 46...
Macro file SPEBT_46.mac created successfully.
Creating macro file for job 47...
Macro file SPEBT_47.mac created successfully.
Creating macro file for job 48...
Macro file SPEBT_48.mac created successfully.
Creating macro file for job 49...
Macro file SPEBT_49.mac created successfully.
Creating macro file for job 50...
Macro file SPEBT_50.mac created successfully.
Creating macro file for job 51...
Macro file SPEBT_51.mac created successfully.
Creating macro file for job 52...
Macro file SPEBT_52.mac created successfully.
Creating macro file for job 53...
Macro file SPEBT_53.mac created successfully.
Creating macro file for job 54...
Macro file SPEBT_54.mac created successfully.
Creating macro file for job 55...
Macro file SPEBT_55.mac created successfully.
Creating macro file for job 56...
Macro file SPEBT_56.mac created successfully.
Creating macro file for job 57...
Macro file SPEBT_57.mac created successfully.
Creating macro file for job 58...
Macro file SPEBT_58.mac created successfully.
Creating macro file for job 59...
Macro file SPEBT_59.mac created successfully.
Creating macro file for job 60...
Macro file SPEBT_60.mac created successfully.
Creating macro file for job 61...
Macro file SPEBT_61.mac created successfully.
Creating macro file for job 62...
Macro file SPEBT_62.mac created successfully.
Creating macro file for job 63...
Macro file SPEBT_63.mac created successfully.
Creating macro file for job 64...
Macro file SPEBT_64.mac created successfully.
Creating macro file for job 65...
Macro file SPEBT_65.mac created successfully.
Creating macro file for job 66...
Macro file SPEBT_66.mac created successfully.
Creating macro file for job 67...
Macro file SPEBT_67.mac created successfully.
Creating macro file for job 68...
Macro file SPEBT_68.mac created successfully.
Creating macro file for job 69...
Macro file SPEBT_69.mac created successfully.
Creating macro file for job 70...
Macro file SPEBT_70.mac created successfully.
Creating macro file for job 71...
Macro file SPEBT_71.mac created successfully.
Creating macro file for job 72...
Macro file SPEBT_72.mac created successfully.
Creating macro file for job 73...
Macro file SPEBT_73.mac created successfully.
Creating macro file for job 74...
Macro file SPEBT_74.mac created successfully.
Creating macro file for job 75...
Macro file SPEBT_75.mac created successfully.
Creating macro file for job 76...
Macro file SPEBT_76.mac created successfully.
Creating macro file for job 77...
Macro file SPEBT_77.mac created successfully.
Creating macro file for job 78...
Macro file SPEBT_78.mac created successfully.
Creating macro file for job 79...
Macro file SPEBT_79.mac created successfully.
Creating macro file for job 80...
Macro file SPEBT_80.mac created successfully.
Creating macro file for job 81...
Macro file SPEBT_81.mac created successfully.
Creating macro file for job 82...
Macro file SPEBT_82.mac created successfully.
Creating macro file for job 83...
Macro file SPEBT_83.mac created successfully.
Creating macro file for job 84...
Macro file SPEBT_84.mac created successfully.
Creating macro file for job 85...
Macro file SPEBT_85.mac created successfully.
Creating macro file for job 86...
Macro file SPEBT_86.mac created successfully.
Creating macro file for job 87...
Macro file SPEBT_87.mac created successfully.
Creating macro file for job 88...
Macro file SPEBT_88.mac created successfully.
Creating macro file for job 89...
Macro file SPEBT_89.mac created successfully.
Creating macro file for job 90...
Macro file SPEBT_90.mac created successfully.
Creating macro file for job 91...
Macro file SPEBT_91.mac created successfully.
Creating macro file for job 92...
Macro file SPEBT_92.mac created successfully.
Creating macro file for job 93...
Macro file SPEBT_93.mac created successfully.
Creating macro file for job 94...
Macro file SPEBT_94.mac created successfully.
Creating macro file for job 95...
Macro file SPEBT_95.mac created successfully.
Creating macro file for job 96...
Macro file SPEBT_96.mac created successfully.
Creating macro file for job 97...
Macro file SPEBT_97.mac created successfully.
Creating macro file for job 98...
Macro file SPEBT_98.mac created successfully.
Creating macro file for job 99...
Macro file SPEBT_99.mac created successfully.
Creating macro file for job 100...
Macro file SPEBT_100.mac created successfully.
Creating macro file for job 101...
Macro file SPEBT_101.mac created successfully.
Creating macro file for job 102...
Macro file SPEBT_102.mac created successfully.
Creating macro file for job 103...
Macro file SPEBT_103.mac created successfully.
Creating macro file for job 104...
Macro file SPEBT_104.mac created successfully.
Creating macro file for job 105...
Macro file SPEBT_105.mac created successfully.
Creating macro file for job 106...
Macro file SPEBT_106.mac created successfully.
Creating macro file for job 107...
Macro file SPEBT_107.mac created successfully.
Creating macro file for job 108...
Macro file SPEBT_108.mac created successfully.
Creating macro file for job 109...
Macro file SPEBT_109.mac created successfully.
Creating macro file for job 110...
Macro file SPEBT_110.mac created successfully.
Creating macro file for job 111...
Macro file SPEBT_111.mac created successfully.
Creating macro file for job 112...
Macro file SPEBT_112.mac created successfully.
Creating macro file for job 113...
Macro file SPEBT_113.mac created successfully.
Creating macro file for job 114...
Macro file SPEBT_114.mac created successfully.
Creating macro file for job 115...
Macro file SPEBT_115.mac created successfully.
Creating macro file for job 116...
Macro file SPEBT_116.mac created successfully.
Creating macro file for job 117...
Macro file SPEBT_117.mac created successfully.
Creating macro file for job 118...
Macro file SPEBT_118.mac created successfully.
Creating macro file for job 119...
Macro file SPEBT_119.mac created successfully.
Creating macro file for job 120...
Macro file SPEBT_120.mac created successfully.
Creating macro file for job 121...
Macro file SPEBT_121.mac created successfully.
Creating macro file for job 122...
Macro file SPEBT_122.mac created successfully.
Creating macro file for job 123...
Macro file SPEBT_123.mac created successfully.
Creating macro file for job 124...
Macro file SPEBT_124.mac created successfully.
Creating macro file for job 125...
Macro file SPEBT_125.mac created successfully.
Creating macro file for job 126...
Macro file SPEBT_126.mac created successfully.
Creating macro file for job 127...
Macro file SPEBT_127.mac created successfully.
Creating macro file for job 128...
Macro file SPEBT_128.mac created successfully.
All GATE simulations have completed.
Merging output files...
Merging files from index 0 to 19...
hadd Target file: /user/tridevme/parallel/SPEBT/GATE-Macro/output/merged_0.root
hadd compression setting for all output: 1
hadd Source file 1: /user/tridevme/parallel/SPEBT/GATE-Macro/output/SPEBT_{0..19}.root
Error merging files from index 0
Merging files from index 20 to 39...
hadd Target file: /user/tridevme/parallel/SPEBT/GATE-Macro/output/merged_20.root
hadd compression setting for all output: 1
hadd Source file 1: /user/tridevme/parallel/SPEBT/GATE-Macro/output/SPEBT_{20..39}.root
Error merging files from index 20
Merging files from index 40 to 59...
hadd Target file: /user/tridevme/parallel/SPEBT/GATE-Macro/output/merged_40.root
hadd compression setting for all output: 1
hadd Source file 1: /user/tridevme/parallel/SPEBT/GATE-Macro/output/SPEBT_{40..59}.root
Error merging files from index 40
Merging files from index 60 to 79...
hadd Target file: /user/tridevme/parallel/SPEBT/GATE-Macro/output/merged_60.root
hadd compression setting for all output: 1
hadd Source file 1: /user/tridevme/parallel/SPEBT/GATE-Macro/output/SPEBT_{60..79}.root
Error merging files from index 60
Merging files from index 80 to 99...
hadd Target file: /user/tridevme/parallel/SPEBT/GATE-Macro/output/merged_80.root
hadd compression setting for all output: 1
hadd Source file 1: /user/tridevme/parallel/SPEBT/GATE-Macro/output/SPEBT_{80..99}.root
Error merging files from index 80
Merging files from index 100 to 119...
hadd Target file: /user/tridevme/parallel/SPEBT/GATE-Macro/output/merged_100.root
hadd compression setting for all output: 1
hadd Source file 1: /user/tridevme/parallel/SPEBT/GATE-Macro/output/SPEBT_{100..119}.root
Error merging files from index 100
Merging files from index 120 to 139...
hadd Target file: /user/tridevme/parallel/SPEBT/GATE-Macro/output/merged_120.root
hadd compression setting for all output: 1
hadd Source file 1: /user/tridevme/parallel/SPEBT/GATE-Macro/output/SPEBT_{120..139}.root
Error merging files from index 120
Merging all intermediate merged files into final_merged.root...
hadd Target file: /user/tridevme/parallel/SPEBT/GATE-Macro/output/final_merged.root
hadd compression setting for all output: 1
hadd Source file 1: /user/tridevme/parallel/SPEBT/GATE-Macro/output/merged_0.root
hadd Source file 2: /user/tridevme/parallel/SPEBT/GATE-Macro/output/merged_100.root
hadd Source file 3: /user/tridevme/parallel/SPEBT/GATE-Macro/output/merged_120.root
hadd Source file 4: /user/tridevme/parallel/SPEBT/GATE-Macro/output/merged_20.root
hadd Source file 5: /user/tridevme/parallel/SPEBT/GATE-Macro/output/merged_40.root
hadd Source file 6: /user/tridevme/parallel/SPEBT/GATE-Macro/output/merged_60.root
hadd Source file 7: /user/tridevme/parallel/SPEBT/GATE-Macro/output/merged_80.root
hadd Target path: /user/tridevme/parallel/SPEBT/GATE-Macro/output/final_merged.root:/
Final merging completed successfully.
Cleaning up temporary files...
GATE parallel simulation and data processing completed.
